app/build/intermediates/manifest_merge_blame_file/debug/processDebugMainManifest/manifest-merger-blame-debug-report.txt
1<?xml version="1.0" encoding="utf-8"?>
2<manifest xmlns:android="http://schemas.android.com/apk/res/android"
3    package="com.example.wechatoverlayhelper"
4    android:versionCode="1"
5    android:versionName="1.0" >
6
7    <uses-sdk
8        android:minSdkVersion="26"
9        android:targetSdkVersion="35" />
10
11    <uses-permission android:name="android.permission.SYSTEM_ALERT_WINDOW" />
11-->src\main\AndroidManifest.xml:4:5-78
11-->src\main\AndroidManifest.xml:4:22-75
12    <uses-permission android:name="android.permission.FOREGROUND_SERVICE" />
12-->src\main\AndroidManifest.xml:5:5-77
12-->src\main\AndroidManifest.xml:5:22-74
13    <uses-permission android:name="android.permission.FOREGROUND_SERVICE_SPECIAL_USE" />
13-->src\main\AndroidManifest.xml:6:5-89
13-->src\main\AndroidManifest.xml:6:22-86
14
15    <application
15-->src\main\AndroidManifest.xml:8:5-46:19
16        android:allowBackup="true"
16-->src\main\AndroidManifest.xml:9:9-35
17        android:debuggable="true"
18        android:extractNativeLibs="false"
19        android:icon="@mipmap/ic_launcher"
19-->src\main\AndroidManifest.xml:10:9-43
20        android:label="@string/app_name"
20-->src\main\AndroidManifest.xml:11:9-41
21        android:roundIcon="@mipmap/ic_launcher_round"
21-->src\main\AndroidManifest.xml:12:9-54
22        android:supportsRtl="true"
22-->src\main\AndroidManifest.xml:13:9-35
23        android:testOnly="true"
24        android:theme="@style/AppTheme" >
24-->src\main\AndroidManifest.xml:14:9-40
25        <activity
25-->src\main\AndroidManifest.xml:16:9-23:20
26            android:name="com.example.wechatoverlayhelper.MainActivity"
26-->src\main\AndroidManifest.xml:17:13-41
27            android:exported="true" >
27-->src\main\AndroidManifest.xml:18:13-36
28            <intent-filter>
28-->src\main\AndroidManifest.xml:19:13-22:29
29                <action android:name="android.intent.action.MAIN" />
29-->src\main\AndroidManifest.xml:20:17-69
29-->src\main\AndroidManifest.xml:20:25-66
30
31                <category android:name="android.intent.category.LAUNCHER" />
31-->src\main\AndroidManifest.xml:21:17-77
31-->src\main\AndroidManifest.xml:21:27-74
32            </intent-filter>
33        </activity>
34
35        <service
35-->src\main\AndroidManifest.xml:25:9-32:19
36            android:name="com.example.wechatoverlayhelper.OverlayService"
36-->src\main\AndroidManifest.xml:26:13-43
37            android:exported="false"
37-->src\main\AndroidManifest.xml:27:13-37
38            android:foregroundServiceType="specialUse" >
38-->src\main\AndroidManifest.xml:28:13-55
39            <property
39-->src\main\AndroidManifest.xml:29:13-31:146
40                android:name="android.app.PROPERTY_SPECIAL_USE_FGS_SUBTYPE"
40-->src\main\AndroidManifest.xml:30:17-76
41                android:value="Shows a non-touchable overlay after the accessibility service detects the configured WeChat mini-program page." />
41-->src\main\AndroidManifest.xml:31:17-143
42        </service>
43        <service
43-->src\main\AndroidManifest.xml:34:9-45:19
44            android:name="com.example.wechatoverlayhelper.MiniProgramAccessibilityService"
44-->src\main\AndroidManifest.xml:35:13-60
45            android:exported="true"
45-->src\main\AndroidManifest.xml:36:13-36
46            android:label="@string/accessibility_service_label"
46-->src\main\AndroidManifest.xml:37:13-64
47            android:permission="android.permission.BIND_ACCESSIBILITY_SERVICE" >
47-->src\main\AndroidManifest.xml:38:13-79
48            <intent-filter>
48-->src\main\AndroidManifest.xml:39:13-41:29
49                <action android:name="android.accessibilityservice.AccessibilityService" />
49-->src\main\AndroidManifest.xml:40:17-92
49-->src\main\AndroidManifest.xml:40:25-89
50            </intent-filter>
51
52            <meta-data
52-->src\main\AndroidManifest.xml:42:13-44:72
53                android:name="android.accessibilityservice"
53-->src\main\AndroidManifest.xml:43:17-60
54                android:resource="@xml/accessibility_service_config" />
54-->src\main\AndroidManifest.xml:44:17-69
55        </service>
56    </application>
57
58</manifest>